2023-04-19T11:31:19.2840546-05:00  [INF] Now listening on: "https://localhost:7245" (d826f4b8)
2023-04-19T11:31:19.2889271-05:00  [INF] Now listening on: "http://localhost:5135" (d826f4b8)
2023-04-19T11:31:19.2960631-05:00  [INF] Application started. Press Ctrl+C to shut down. (dcaefe54)
2023-04-19T11:31:19.2976758-05:00  [INF] Hosting environment: "Development" (bc5a1a4e)
2023-04-19T11:31:19.2985646-05:00  [INF] Content root path: "D:\Visual\ApiService\WorkerServiceApi\" (cc26f24e)
2023-04-19T11:31:19.3009474-05:00  [INF] El servicio de la Api se iniciómyurlguestguest (33dbe9e8)
2023-04-19T11:31:21.0611210-05:00 0HMQ0UE0M10TR:00000003 [INF] Request starting HTTP/2 GET https://localhost:7245/_framework/aspnetcore-browser-refresh.js - - (ca22a1cb)
2023-04-19T11:31:21.0611204-05:00 0HMQ0UE0M10TR:00000005 [INF] Request starting HTTP/2 GET https://localhost:7245/_vs/browserLink - - (ca22a1cb)
2023-04-19T11:31:21.0611215-05:00 0HMQ0UE0M10TR:00000001 [INF] Request starting HTTP/2 GET https://localhost:7245/swagger/index.html - - (ca22a1cb)
2023-04-19T11:31:21.1314646-05:00 0HMQ0UE0M10TR:00000003 [INF] Request finished HTTP/2 GET https://localhost:7245/_framework/aspnetcore-browser-refresh.js - - - 200 12002 application/javascript;+charset=utf-8 71.4980ms (791a596a)
2023-04-19T11:31:21.2194706-05:00 0HMQ0UE0M10TR:00000005 [INF] Request finished HTTP/2 GET https://localhost:7245/_vs/browserLink - - - 200 - text/javascript;+charset=UTF-8 163.3775ms (791a596a)
2023-04-19T11:31:21.2567912-05:00 0HMQ0UE0M10TR:00000007 [INF] Request starting HTTP/2 GET https://localhost:7245/swagger/v1/swagger.json - - (ca22a1cb)
2023-04-19T11:31:21.3561439-05:00 0HMQ0UE0M10TR:00000007 [INF] Request finished HTTP/2 GET https://localhost:7245/swagger/v1/swagger.json - - - 200 - application/json;charset=utf-8 99.1130ms (791a596a)
2023-04-19T11:31:21.5747848-05:00 0HMQ0UE0M10TR:00000001 [INF] Request finished HTTP/2 GET https://localhost:7245/swagger/index.html - - - 200 - text/html;charset=utf-8 518.6997ms (791a596a)
2023-04-19T11:31:21.5832382-05:00 0HMQ0UE0M10TR:00000009 [INF] Request starting HTTP/2 GET https://localhost:7245/_framework/aspnetcore-browser-refresh.js - - (ca22a1cb)
2023-04-19T11:31:21.5836422-05:00 0HMQ0UE0M10TR:00000009 [INF] Request finished HTTP/2 GET https://localhost:7245/_framework/aspnetcore-browser-refresh.js - - - 200 12002 application/javascript;+charset=utf-8 0.4095ms (791a596a)
2023-04-19T11:31:21.6119631-05:00 0HMQ0UE0M10TR:0000000B [INF] Request starting HTTP/2 GET https://localhost:7245/_vs/browserLink - - (ca22a1cb)
2023-04-19T11:31:21.6315602-05:00 0HMQ0UE0M10TR:0000000B [INF] Request finished HTTP/2 GET https://localhost:7245/_vs/browserLink - - - 200 - text/javascript;+charset=UTF-8 19.5470ms (791a596a)
2023-04-19T11:31:21.6960409-05:00 0HMQ0UE0M10TR:0000000D [INF] Request starting HTTP/2 GET https://localhost:7245/swagger/v1/swagger.json - - (ca22a1cb)
2023-04-19T11:31:21.6987555-05:00 0HMQ0UE0M10TR:0000000D [INF] Request finished HTTP/2 GET https://localhost:7245/swagger/v1/swagger.json - - - 200 - application/json;charset=utf-8 2.6425ms (791a596a)
2023-04-19T11:31:23.4880138-05:00 0HMQ0UE0M10TR:0000000F [INF] Request starting HTTP/2 GET https://localhost:7245/_framework/aspnetcore-browser-refresh.js - - (ca22a1cb)
2023-04-19T11:31:23.4881624-05:00 0HMQ0UE0M10TR:0000000F [INF] Request finished HTTP/2 GET https://localhost:7245/_framework/aspnetcore-browser-refresh.js - - - 200 12002 application/javascript;+charset=utf-8 0.1649ms (791a596a)
2023-04-19T11:31:23.4927051-05:00 0HMQ0UE0M10TR:00000011 [INF] Request starting HTTP/2 GET https://localhost:7245/_framework/aspnetcore-browser-refresh.js - - (ca22a1cb)
2023-04-19T11:31:23.4928367-05:00 0HMQ0UE0M10TR:00000011 [INF] Request finished HTTP/2 GET https://localhost:7245/_framework/aspnetcore-browser-refresh.js - - - 200 12002 application/javascript;+charset=utf-8 0.2100ms (791a596a)
2023-04-19T11:31:23.5088350-05:00 0HMQ0UE0M10TR:00000013 [INF] Request starting HTTP/2 GET https://localhost:7245/_vs/browserLink - - (ca22a1cb)
2023-04-19T11:31:23.5159792-05:00 0HMQ0UE0M10TR:00000013 [INF] Request finished HTTP/2 GET https://localhost:7245/_vs/browserLink - - - 200 - text/javascript;+charset=UTF-8 7.0855ms (791a596a)
2023-04-19T11:31:23.5179372-05:00 0HMQ0UE0M10TR:00000015 [INF] Request starting HTTP/2 GET https://localhost:7245/_vs/browserLink - - (ca22a1cb)
2023-04-19T11:31:23.5263192-05:00 0HMQ0UE0M10TR:00000015 [INF] Request finished HTTP/2 GET https://localhost:7245/_vs/browserLink - - - 200 - text/javascript;+charset=UTF-8 8.4879ms (791a596a)
2023-04-19T11:31:23.5805483-05:00 0HMQ0UE0M10TR:00000017 [INF] Request starting HTTP/2 GET https://localhost:7245/swagger/v1/swagger.json - - (ca22a1cb)
2023-04-19T11:31:23.5811242-05:00 0HMQ0UE0M10TR:00000017 [INF] Request finished HTTP/2 GET https://localhost:7245/swagger/v1/swagger.json - - - 200 - application/json;charset=utf-8 0.5961ms (791a596a)
2023-04-19T11:31:23.5871409-05:00 0HMQ0UE0M10TR:00000019 [INF] Request starting HTTP/2 GET https://localhost:7245/swagger/v1/swagger.json - - (ca22a1cb)
2023-04-19T11:31:23.5877657-05:00 0HMQ0UE0M10TR:00000019 [INF] Request finished HTTP/2 GET https://localhost:7245/swagger/v1/swagger.json - - - 200 - application/json;charset=utf-8 0.7794ms (791a596a)
2023-04-19T11:31:23.7970627-05:00 0HMQ0UE0M10TR:0000001B [INF] Request starting HTTP/2 GET https://localhost:7245/_framework/aspnetcore-browser-refresh.js - - (ca22a1cb)
2023-04-19T11:31:23.7972604-05:00 0HMQ0UE0M10TR:0000001B [INF] Request finished HTTP/2 GET https://localhost:7245/_framework/aspnetcore-browser-refresh.js - - - 200 12002 application/javascript;+charset=utf-8 0.2769ms (791a596a)
2023-04-19T11:31:23.8715129-05:00 0HMQ0UE0M10TR:0000001D [INF] Request starting HTTP/2 GET https://localhost:7245/_vs/browserLink - - (ca22a1cb)
2023-04-19T11:31:23.8758993-05:00 0HMQ0UE0M10TR:0000001D [INF] Request finished HTTP/2 GET https://localhost:7245/_vs/browserLink - - - 200 - text/javascript;+charset=UTF-8 4.4529ms (791a596a)
2023-04-19T11:31:23.9474082-05:00 0HMQ0UE0M10TR:0000001F [INF] Request starting HTTP/2 GET https://localhost:7245/swagger/v1/swagger.json - - (ca22a1cb)
2023-04-19T11:31:23.9479320-05:00 0HMQ0UE0M10TR:0000001F [INF] Request finished HTTP/2 GET https://localhost:7245/swagger/v1/swagger.json - - - 200 - application/json;charset=utf-8 0.6407ms (791a596a)
2023-04-19T11:31:28.1039154-05:00 0HMQ0UE0M10TS:00000001 [INF] Request starting HTTP/2 GET https://localhost:7245/WeatherForecast - - (ca22a1cb)
2023-04-19T11:31:28.1129068-05:00 0HMQ0UE0M10TS:00000001 [INF] Executing endpoint '"WorkerServiceApi.Controllers.WeatherForecastController.Get (WorkerServiceApi)"' (500cc934)
2023-04-19T11:31:28.1428225-05:00 0HMQ0UE0M10TS:00000001 [INF] Route matched with "{action = \"Get\", controller = \"WeatherForecast\"}". Executing controller action with signature "System.Collections.Generic.IEnumerable`1[WorkerServiceApi.WeatherForecast] Get()" on controller "WorkerServiceApi.Controllers.WeatherForecastController" ("WorkerServiceApi"). (122b2fdf)
2023-04-19T11:31:28.3907278-05:00 0HMQ0UE0M10TS:00000001 [INF] Executing action method "WorkerServiceApi.Controllers.WeatherForecastController.Get (WorkerServiceApi)" - Validation state: Valid (dad538d7)
2023-04-19T11:31:28.3987554-05:00 0HMQ0UE0M10TS:00000001 [INF] Executed action method "WorkerServiceApi.Controllers.WeatherForecastController.Get (WorkerServiceApi)", returned result "Microsoft.AspNetCore.Mvc.ObjectResult" in 3.1914ms. (50a9e262)
2023-04-19T11:31:28.4106459-05:00 0HMQ0UE0M10TS:00000001 [INF] Executing "ObjectResult", writing value of type '"WorkerServiceApi.WeatherForecast[]"'. (605b4265)
2023-04-19T11:31:28.4503741-05:00 0HMQ0UE0M10TS:00000001 [INF] Executed action "WorkerServiceApi.Controllers.WeatherForecastController.Get (WorkerServiceApi)" in 302.7238ms (afa2e885)
2023-04-19T11:31:28.4504974-05:00 0HMQ0UE0M10TS:00000001 [INF] Executed endpoint '"WorkerServiceApi.Controllers.WeatherForecastController.Get (WorkerServiceApi)"' (99874f2b)
2023-04-19T11:31:28.4506299-05:00 0HMQ0UE0M10TS:00000001 [INF] Request finished HTTP/2 GET https://localhost:7245/WeatherForecast - - - 200 - application/json;+charset=utf-8 346.7592ms (791a596a)
