2023-04-20T08:08:31.8242107+14:00  [INF] Now listening on: "https://localhost:7245" (d826f4b8)
2023-04-20T08:08:31.8291165+14:00  [INF] Now listening on: "http://localhost:5135" (d826f4b8)
2023-04-20T08:08:31.8409165+14:00  [INF] Application started. Press Ctrl+C to shut down. (dcaefe54)
2023-04-20T08:08:31.8429827+14:00  [INF] Hosting environment: "Development" (bc5a1a4e)
2023-04-20T08:08:31.8441141+14:00  [INF] Content root path: "D:\Visual\ApiService\WorkerServiceApi\" (cc26f24e)
2023-04-20T08:08:31.8467346+14:00  [INF] El servicio de la Api se inici贸myurlguestguest (33dbe9e8)
2023-04-20T08:08:35.0929273+14:00 0HMQ104ASLSCS:00000003 [INF] Request starting HTTP/2 GET https://localhost:7245/_framework/aspnetcore-browser-refresh.js - - (ca22a1cb)
2023-04-20T08:08:35.0929251+14:00 0HMQ104ASLSCS:00000001 [INF] Request starting HTTP/2 GET https://localhost:7245/swagger/index.html - - (ca22a1cb)
2023-04-20T08:08:35.0929261+14:00 0HMQ104ASLSCS:00000005 [INF] Request starting HTTP/2 GET https://localhost:7245/_vs/browserLink - - (ca22a1cb)
2023-04-20T08:08:35.1501018+14:00 0HMQ104ASLSCS:00000003 [INF] Request finished HTTP/2 GET https://localhost:7245/_framework/aspnetcore-browser-refresh.js - - - 200 12002 application/javascript;+charset=utf-8 60.1155ms (791a596a)
2023-04-20T08:08:35.4147125+14:00 0HMQ104ASLSCS:00000005 [INF] Request finished HTTP/2 GET https://localhost:7245/_vs/browserLink - - - 200 - text/javascript;+charset=UTF-8 328.6634ms (791a596a)
2023-04-20T08:08:35.4502856+14:00 0HMQ104ASLSCS:00000007 [INF] Request starting HTTP/2 GET https://localhost:7245/swagger/v1/swagger.json - - (ca22a1cb)
2023-04-20T08:08:35.5396890+14:00 0HMQ104ASLSCS:00000007 [INF] Request finished HTTP/2 GET https://localhost:7245/swagger/v1/swagger.json - - - 200 - application/json;charset=utf-8 89.3828ms (791a596a)
2023-04-20T08:08:35.6296784+14:00 0HMQ104ASLSCS:00000001 [INF] Request finished HTTP/2 GET https://localhost:7245/swagger/index.html - - - 200 - text/html;charset=utf-8 543.6178ms (791a596a)
2023-04-20T08:08:35.6398193+14:00 0HMQ104ASLSCS:00000009 [INF] Request starting HTTP/2 GET https://localhost:7245/_framework/aspnetcore-browser-refresh.js - - (ca22a1cb)
2023-04-20T08:08:35.6402038+14:00 0HMQ104ASLSCS:00000009 [INF] Request finished HTTP/2 GET https://localhost:7245/_framework/aspnetcore-browser-refresh.js - - - 200 12002 application/javascript;+charset=utf-8 0.4777ms (791a596a)
2023-04-20T08:08:35.6672116+14:00 0HMQ104ASLSCS:0000000B [INF] Request starting HTTP/2 GET https://localhost:7245/_vs/browserLink - - (ca22a1cb)
2023-04-20T08:08:35.6883161+14:00 0HMQ104ASLSCS:0000000B [INF] Request finished HTTP/2 GET https://localhost:7245/_vs/browserLink - - - 200 - text/javascript;+charset=UTF-8 21.0977ms (791a596a)
2023-04-20T08:08:35.7549815+14:00 0HMQ104ASLSCS:0000000D [INF] Request starting HTTP/2 GET https://localhost:7245/swagger/v1/swagger.json - - (ca22a1cb)
2023-04-20T08:08:35.7564890+14:00 0HMQ104ASLSCS:0000000D [INF] Request finished HTTP/2 GET https://localhost:7245/swagger/v1/swagger.json - - - 200 - application/json;charset=utf-8 1.5824ms (791a596a)
2023-04-20T08:08:36.9401485+14:00 0HMQ104ASLSCS:0000000F [INF] Request starting HTTP/2 GET https://localhost:7245/_framework/aspnetcore-browser-refresh.js - - (ca22a1cb)
2023-04-20T08:08:36.9404550+14:00 0HMQ104ASLSCS:0000000F [INF] Request finished HTTP/2 GET https://localhost:7245/_framework/aspnetcore-browser-refresh.js - - - 200 12002 application/javascript;+charset=utf-8 0.5959ms (791a596a)
2023-04-20T08:08:36.9422079+14:00 0HMQ104ASLSCS:00000011 [INF] Request starting HTTP/2 GET https://localhost:7245/_framework/aspnetcore-browser-refresh.js - - (ca22a1cb)
2023-04-20T08:08:36.9423906+14:00 0HMQ104ASLSCS:00000011 [INF] Request finished HTTP/2 GET https://localhost:7245/_framework/aspnetcore-browser-refresh.js - - - 200 12002 application/javascript;+charset=utf-8 0.2123ms (791a596a)
2023-04-20T08:08:36.9613552+14:00 0HMQ104ASLSCS:00000013 [INF] Request starting HTTP/2 GET https://localhost:7245/_framework/aspnetcore-browser-refresh.js - - (ca22a1cb)
2023-04-20T08:08:36.9615599+14:00 0HMQ104ASLSCS:00000013 [INF] Request finished HTTP/2 GET https://localhost:7245/_framework/aspnetcore-browser-refresh.js - - - 200 12002 application/javascript;+charset=utf-8 0.2367ms (791a596a)
2023-04-20T08:08:37.0008274+14:00 0HMQ104ASLSCS:00000015 [INF] Request starting HTTP/2 GET https://localhost:7245/_vs/browserLink - - (ca22a1cb)
2023-04-20T08:08:37.0114167+14:00 0HMQ104ASLSCS:00000017 [INF] Request starting HTTP/2 GET https://localhost:7245/_vs/browserLink - - (ca22a1cb)
2023-04-20T08:08:37.0159630+14:00 0HMQ104ASLSCS:00000015 [INF] Request finished HTTP/2 GET https://localhost:7245/_vs/browserLink - - - 200 - text/javascript;+charset=UTF-8 15.1112ms (791a596a)
2023-04-20T08:08:37.0643990+14:00 0HMQ104ASLSCS:00000019 [INF] Request starting HTTP/2 GET https://localhost:7245/_vs/browserLink - - (ca22a1cb)
2023-04-20T08:08:37.0649680+14:00 0HMQ104ASLSCS:00000017 [INF] Request finished HTTP/2 GET https://localhost:7245/_vs/browserLink - - - 200 - text/javascript;+charset=UTF-8 53.7042ms (791a596a)
2023-04-20T08:08:37.0707904+14:00 0HMQ104ASLSCS:00000019 [INF] Request finished HTTP/2 GET https://localhost:7245/_vs/browserLink - - - 200 - text/javascript;+charset=UTF-8 6.3288ms (791a596a)
2023-04-20T08:08:37.1277118+14:00 0HMQ104ASLSCS:0000001B [INF] Request starting HTTP/2 GET https://localhost:7245/swagger/v1/swagger.json - - (ca22a1cb)
2023-04-20T08:08:37.1287105+14:00 0HMQ104ASLSCS:0000001B [INF] Request finished HTTP/2 GET https://localhost:7245/swagger/v1/swagger.json - - - 200 - application/json;charset=utf-8 1.0674ms (791a596a)
2023-04-20T08:08:37.1378148+14:00 0HMQ104ASLSCS:0000001D [INF] Request starting HTTP/2 GET https://localhost:7245/swagger/v1/swagger.json - - (ca22a1cb)
2023-04-20T08:08:37.1387700+14:00 0HMQ104ASLSCS:0000001D [INF] Request finished HTTP/2 GET https://localhost:7245/swagger/v1/swagger.json - - - 200 - application/json;charset=utf-8 1.1330ms (791a596a)
2023-04-20T08:08:37.1584868+14:00 0HMQ104ASLSCS:0000001F [INF] Request starting HTTP/2 GET https://localhost:7245/swagger/v1/swagger.json - - (ca22a1cb)
2023-04-20T08:08:37.1592548+14:00 0HMQ104ASLSCS:0000001F [INF] Request finished HTTP/2 GET https://localhost:7245/swagger/v1/swagger.json - - - 200 - application/json;charset=utf-8 0.9535ms (791a596a)
2023-04-20T08:08:37.4432880+14:00 0HMQ104ASLSCS:00000021 [INF] Request starting HTTP/2 GET https://localhost:7245/_framework/aspnetcore-browser-refresh.js - - (ca22a1cb)
2023-04-20T08:08:37.4434513+14:00 0HMQ104ASLSCS:00000021 [INF] Request finished HTTP/2 GET https://localhost:7245/_framework/aspnetcore-browser-refresh.js - - - 200 12002 application/javascript;+charset=utf-8 0.1982ms (791a596a)
2023-04-20T08:08:37.4930256+14:00 0HMQ104ASLSCS:00000023 [INF] Request starting HTTP/2 GET https://localhost:7245/_vs/browserLink - - (ca22a1cb)
2023-04-20T08:08:37.4989677+14:00 0HMQ104ASLSCS:00000023 [INF] Request finished HTTP/2 GET https://localhost:7245/_vs/browserLink - - - 200 - text/javascript;+charset=UTF-8 6.0072ms (791a596a)
2023-04-20T08:08:37.5601011+14:00 0HMQ104ASLSCS:00000025 [INF] Request starting HTTP/2 GET https://localhost:7245/swagger/v1/swagger.json - - (ca22a1cb)
2023-04-20T08:08:37.5606105+14:00 0HMQ104ASLSCS:00000025 [INF] Request finished HTTP/2 GET https://localhost:7245/swagger/v1/swagger.json - - - 200 - application/json;charset=utf-8 0.7754ms (791a596a)
2023-04-20T08:08:39.2835938+14:00 0HMQ104ASLSCT:00000001 [INF] Request starting HTTP/2 GET https://localhost:7245/WeatherForecast - - (ca22a1cb)
2023-04-20T08:08:39.2930794+14:00 0HMQ104ASLSCT:00000001 [INF] Executing endpoint '"WorkerServiceApi.Controllers.WeatherForecastController.Get (WorkerServiceApi)"' (500cc934)
2023-04-20T08:08:39.3280536+14:00 0HMQ104ASLSCT:00000001 [INF] Route matched with "{action = \"Get\", controller = \"WeatherForecast\"}". Executing controller action with signature "System.Collections.Generic.IEnumerable`1[WorkerServiceApi.WeatherForecast] Get()" on controller "WorkerServiceApi.Controllers.WeatherForecastController" ("WorkerServiceApi"). (122b2fdf)
2023-04-20T08:08:39.5134460+14:00 0HMQ104ASLSCT:00000001 [INF] Executing action method "WorkerServiceApi.Controllers.WeatherForecastController.Get (WorkerServiceApi)" - Validation state: Valid (dad538d7)
2023-04-20T08:08:39.5215004+14:00 0HMQ104ASLSCT:00000001 [INF] Executed action method "WorkerServiceApi.Controllers.WeatherForecastController.Get (WorkerServiceApi)", returned result "Microsoft.AspNetCore.Mvc.ObjectResult" in 0.9381ms. (50a9e262)
2023-04-20T08:08:39.5313818+14:00 0HMQ104ASLSCT:00000001 [INF] Executing "ObjectResult", writing value of type '"WorkerServiceApi.WeatherForecast[]"'. (605b4265)
2023-04-20T08:08:39.5633706+14:00 0HMQ104ASLSCT:00000001 [INF] Executed action "WorkerServiceApi.Controllers.WeatherForecastController.Get (WorkerServiceApi)" in 228.7009ms (afa2e885)
2023-04-20T08:08:39.5635314+14:00 0HMQ104ASLSCT:00000001 [INF] Executed endpoint '"WorkerServiceApi.Controllers.WeatherForecastController.Get (WorkerServiceApi)"' (99874f2b)
2023-04-20T08:08:39.5636653+14:00 0HMQ104ASLSCT:00000001 [INF] Request finished HTTP/2 GET https://localhost:7245/WeatherForecast - - - 200 - application/json;+charset=utf-8 280.1320ms (791a596a)
2023-04-20T08:08:45.9052058+14:00 0HMQ104ASLSCT:00000003 [INF] Request starting HTTP/2 POST https://localhost:7245/api/Cpu - 0 (ca22a1cb)
2023-04-20T08:08:45.9054040+14:00 0HMQ104ASLSCT:00000003 [INF] Executing endpoint '"WorkerServiceApi.Controllers.CpuController.ObtenerUbicacion (WorkerServiceApi)"' (500cc934)
2023-04-20T08:08:45.9154809+14:00 0HMQ104ASLSCT:00000003 [INF] Route matched with "{action = \"ObtenerUbicacion\", controller = \"Cpu\"}". Executing controller action with signature "System.Threading.Tasks.Task`1[System.Object] ObtenerUbicacion()" on controller "WorkerServiceApi.Controllers.CpuController" ("WorkerServiceApi"). (122b2fdf)
2023-04-20T08:08:45.9409115+14:00 0HMQ104ASLSCT:00000003 [INF] Executing action method "WorkerServiceApi.Controllers.CpuController.ObtenerUbicacion (WorkerServiceApi)" - Validation state: Valid (dad538d7)
2023-04-20T08:08:45.9436591+14:00 0HMQ104ASLSCT:00000003 [INF] Executed action method "WorkerServiceApi.Controllers.CpuController.ObtenerUbicacion (WorkerServiceApi)", returned result "Microsoft.AspNetCore.Mvc.ObjectResult" in 2.677ms. (50a9e262)
2023-04-20T08:08:45.9439463+14:00 0HMQ104ASLSCT:00000003 [INF] Executing "ObjectResult", writing value of type '"System.String"'. (605b4265)
2023-04-20T08:08:45.9441185+14:00 0HMQ104ASLSCT:00000003 [INF] Executed action "WorkerServiceApi.Controllers.CpuController.ObtenerUbicacion (WorkerServiceApi)" in 28.5924ms (afa2e885)
2023-04-20T08:08:45.9441446+14:00 0HMQ104ASLSCT:00000003 [INF] Executed endpoint '"WorkerServiceApi.Controllers.CpuController.ObtenerUbicacion (WorkerServiceApi)"' (99874f2b)
2023-04-20T08:08:45.9442148+14:00 0HMQ104ASLSCT:00000003 [INF] Request finished HTTP/2 POST https://localhost:7245/api/Cpu - 0 - 200 - text/plain;+charset=utf-8 39.1419ms (791a596a)
2023-04-20T08:10:30.6902314+14:00  [INF] Now listening on: "https://localhost:7245" (d826f4b8)
2023-04-20T08:10:30.6954091+14:00  [INF] Now listening on: "http://localhost:5135" (d826f4b8)
2023-04-20T08:10:30.7176342+14:00  [INF] Application started. Press Ctrl+C to shut down. (dcaefe54)
2023-04-20T08:10:30.7197494+14:00  [INF] Hosting environment: "Development" (bc5a1a4e)
2023-04-20T08:10:30.7212042+14:00  [INF] Content root path: "D:\Visual\ApiService\WorkerServiceApi\" (cc26f24e)
2023-04-20T08:10:30.7226905+14:00  [INF] El servicio de la Api se inici贸myurlguestguest (33dbe9e8)
2023-04-20T08:10:31.7597639+14:00 0HMQ105EBPOCQ:00000001 [INF] Request starting HTTP/2 GET https://localhost:7245/swagger/index.html - - (ca22a1cb)
2023-04-20T08:10:31.7597651+14:00 0HMQ105EBPOCQ:00000005 [INF] Request starting HTTP/2 GET https://localhost:7245/_vs/browserLink - - (ca22a1cb)
2023-04-20T08:10:31.7597639+14:00 0HMQ105EBPOCQ:00000003 [INF] Request starting HTTP/2 GET https://localhost:7245/_framework/aspnetcore-browser-refresh.js - - (ca22a1cb)
2023-04-20T08:10:31.7904556+14:00 0HMQ105EBPOCQ:00000003 [INF] Request finished HTTP/2 GET https://localhost:7245/_framework/aspnetcore-browser-refresh.js - - - 200 12002 application/javascript;+charset=utf-8 34.6413ms (791a596a)
2023-04-20T08:10:31.9048227+14:00 0HMQ105EBPOCQ:00000005 [INF] Request finished HTTP/2 GET https://localhost:7245/_vs/browserLink - - - 200 - text/javascript;+charset=UTF-8 148.9611ms (791a596a)
2023-04-20T08:10:31.9490200+14:00 0HMQ105EBPOCQ:00000007 [INF] Request starting HTTP/2 GET https://localhost:7245/swagger/v1/swagger.json - - (ca22a1cb)
2023-04-20T08:10:32.0439100+14:00 0HMQ105EBPOCQ:00000007 [INF] Request finished HTTP/2 GET https://localhost:7245/swagger/v1/swagger.json - - - 200 - application/json;charset=utf-8 94.8856ms (791a596a)
2023-04-20T08:10:32.1449687+14:00 0HMQ105EBPOCQ:00000001 [INF] Request finished HTTP/2 GET https://localhost:7245/swagger/index.html - - - 200 - text/html;charset=utf-8 390.1707ms (791a596a)
2023-04-20T08:10:32.1542529+14:00 0HMQ105EBPOCQ:00000009 [INF] Request starting HTTP/2 GET https://localhost:7245/_framework/aspnetcore-browser-refresh.js - - (ca22a1cb)
2023-04-20T08:10:32.1545090+14:00 0HMQ105EBPOCQ:00000009 [INF] Request finished HTTP/2 GET https://localhost:7245/_framework/aspnetcore-browser-refresh.js - - - 200 12002 application/javascript;+charset=utf-8 0.3128ms (791a596a)
2023-04-20T08:10:32.1877818+14:00 0HMQ105EBPOCQ:0000000B [INF] Request starting HTTP/2 GET https://localhost:7245/_vs/browserLink - - (ca22a1cb)
2023-04-20T08:10:32.5489236+14:00 0HMQ105EBPOCQ:0000000B [INF] Request finished HTTP/2 GET https://localhost:7245/_vs/browserLink - - - 200 - text/javascript;+charset=UTF-8 361.1306ms (791a596a)
2023-04-20T08:10:32.5857104+14:00 0HMQ105EBPOCQ:0000000D [INF] Request starting HTTP/2 GET https://localhost:7245/swagger/v1/swagger.json - - (ca22a1cb)
2023-04-20T08:10:32.5872209+14:00 0HMQ105EBPOCQ:0000000D [INF] Request finished HTTP/2 GET https://localhost:7245/swagger/v1/swagger.json - - - 200 - application/json;charset=utf-8 1.5333ms (791a596a)
2023-04-20T08:10:34.1181130+14:00 0HMQ105EBPOCQ:0000000F [INF] Request starting HTTP/2 GET https://localhost:7245/_framework/aspnetcore-browser-refresh.js - - (ca22a1cb)
2023-04-20T08:10:34.1187926+14:00 0HMQ105EBPOCQ:0000000F [INF] Request finished HTTP/2 GET https://localhost:7245/_framework/aspnetcore-browser-refresh.js - - - 200 12002 application/javascript;+charset=utf-8 43.4191ms (791a596a)
2023-04-20T08:10:34.1209170+14:00 0HMQ105EBPOCQ:00000013 [INF] Request starting HTTP/2 GET https://localhost:7245/_vs/browserLink - - (ca22a1cb)
2023-04-20T08:10:34.1209429+14:00 0HMQ105EBPOCQ:00000011 [INF] Request starting HTTP/2 GET https://localhost:7245/_framework/aspnetcore-browser-refresh.js - - (ca22a1cb)
2023-04-20T08:10:34.1211359+14:00 0HMQ105EBPOCQ:00000011 [INF] Request finished HTTP/2 GET https://localhost:7245/_framework/aspnetcore-browser-refresh.js - - - 200 12002 application/javascript;+charset=utf-8 0.4717ms (791a596a)
2023-04-20T08:10:34.1226273+14:00 0HMQ105EBPOCQ:00000015 [INF] Request starting HTTP/2 GET https://localhost:7245/_framework/aspnetcore-browser-refresh.js - - (ca22a1cb)
2023-04-20T08:10:34.1227747+14:00 0HMQ105EBPOCQ:00000015 [INF] Request finished HTTP/2 GET https://localhost:7245/_framework/aspnetcore-browser-refresh.js - - - 200 12002 application/javascript;+charset=utf-8 0.1801ms (791a596a)
2023-04-20T08:10:34.1264582+14:00 0HMQ105EBPOCQ:00000017 [INF] Request starting HTTP/2 GET https://localhost:7245/_vs/browserLink - - (ca22a1cb)
2023-04-20T08:10:34.1276630+14:00 0HMQ105EBPOCQ:00000013 [INF] Request finished HTTP/2 GET https://localhost:7245/_vs/browserLink - - - 200 - text/javascript;+charset=UTF-8 6.8476ms (791a596a)
2023-04-20T08:10:34.1359051+14:00 0HMQ105EBPOCQ:00000019 [INF] Request starting HTTP/2 GET https://localhost:7245/_vs/browserLink - - (ca22a1cb)
2023-04-20T08:10:34.1372924+14:00 0HMQ105EBPOCQ:00000017 [INF] Request finished HTTP/2 GET https://localhost:7245/_vs/browserLink - - - 200 - text/javascript;+charset=UTF-8 10.8059ms (791a596a)
2023-04-20T08:10:34.1412173+14:00 0HMQ105EBPOCQ:00000019 [INF] Request finished HTTP/2 GET https://localhost:7245/_vs/browserLink - - - 200 - text/javascript;+charset=UTF-8 5.3098ms (791a596a)
2023-04-20T08:10:34.2063658+14:00 0HMQ105EBPOCQ:0000001B [INF] Request starting HTTP/2 GET https://localhost:7245/swagger/v1/swagger.json - - (ca22a1cb)
2023-04-20T08:10:34.2069688+14:00 0HMQ105EBPOCQ:0000001B [INF] Request finished HTTP/2 GET https://localhost:7245/swagger/v1/swagger.json - - - 200 - application/json;charset=utf-8 0.7398ms (791a596a)
2023-04-20T08:10:34.2111471+14:00 0HMQ105EBPOCQ:0000001D [INF] Request starting HTTP/2 GET https://localhost:7245/swagger/v1/swagger.json - - (ca22a1cb)
2023-04-20T08:10:34.2116204+14:00 0HMQ105EBPOCQ:0000001D [INF] Request finished HTTP/2 GET https://localhost:7245/swagger/v1/swagger.json - - - 200 - application/json;charset=utf-8 0.5937ms (791a596a)
2023-04-20T08:10:34.2213979+14:00 0HMQ105EBPOCQ:0000001F [INF] Request starting HTTP/2 GET https://localhost:7245/swagger/v1/swagger.json - - (ca22a1cb)
2023-04-20T08:10:34.2222609+14:00 0HMQ105EBPOCQ:0000001F [INF] Request finished HTTP/2 GET https://localhost:7245/swagger/v1/swagger.json - - - 200 - application/json;charset=utf-8 0.9665ms (791a596a)
2023-04-20T08:10:34.7541436+14:00 0HMQ105EBPOCQ:00000021 [INF] Request starting HTTP/2 GET https://localhost:7245/_framework/aspnetcore-browser-refresh.js - - (ca22a1cb)
2023-04-20T08:10:34.7542934+14:00 0HMQ105EBPOCQ:00000021 [INF] Request finished HTTP/2 GET https://localhost:7245/_framework/aspnetcore-browser-refresh.js - - - 200 12002 application/javascript;+charset=utf-8 0.1535ms (791a596a)
2023-04-20T08:10:34.7545105+14:00 0HMQ105EBPOCQ:00000023 [INF] Request starting HTTP/2 GET https://localhost:7245/_vs/browserLink - - (ca22a1cb)
2023-04-20T08:10:34.7595088+14:00 0HMQ105EBPOCQ:00000023 [INF] Request finished HTTP/2 GET https://localhost:7245/_vs/browserLink - - - 200 - text/javascript;+charset=UTF-8 5.0259ms (791a596a)
2023-04-20T08:10:34.8412824+14:00 0HMQ105EBPOCQ:00000025 [INF] Request starting HTTP/2 GET https://localhost:7245/swagger/v1/swagger.json - - (ca22a1cb)
2023-04-20T08:10:34.8420404+14:00 0HMQ105EBPOCQ:00000025 [INF] Request finished HTTP/2 GET https://localhost:7245/swagger/v1/swagger.json - - - 200 - application/json;charset=utf-8 0.9541ms (791a596a)
2023-04-20T08:10:36.3480612+14:00 0HMQ105EBPOCR:00000001 [INF] Request starting HTTP/2 POST https://localhost:7245/api/Cpu - 0 (ca22a1cb)
2023-04-20T08:10:36.3525526+14:00 0HMQ105EBPOCR:00000001 [INF] Executing endpoint '"WorkerServiceApi.Controllers.CpuController.ObtenerUbicacion (WorkerServiceApi)"' (500cc934)
2023-04-20T08:10:36.3717859+14:00 0HMQ105EBPOCR:00000001 [INF] Route matched with "{action = \"ObtenerUbicacion\", controller = \"Cpu\"}". Executing controller action with signature "System.Threading.Tasks.Task`1[System.Object] ObtenerUbicacion()" on controller "WorkerServiceApi.Controllers.CpuController" ("WorkerServiceApi"). (122b2fdf)
2023-04-20T08:10:36.6792829+14:00 0HMQ105EBPOCR:00000001 [INF] Executing action method "WorkerServiceApi.Controllers.CpuController.ObtenerUbicacion (WorkerServiceApi)" - Validation state: Valid (dad538d7)
2023-04-20T08:10:36.6850880+14:00 0HMQ105EBPOCR:00000001 [INF] Executed action method "WorkerServiceApi.Controllers.CpuController.ObtenerUbicacion (WorkerServiceApi)", returned result "Microsoft.AspNetCore.Mvc.ObjectResult" in 1.4754ms. (50a9e262)
2023-04-20T08:10:36.6925053+14:00 0HMQ105EBPOCR:00000001 [INF] Executing "ObjectResult", writing value of type '"<>f__AnonymousType0`2[[System.String, System.Private.CoreLib, Version=6.0.0.0, Culture=neutral, PublicKeyToken=7cec85d7bea7798e],[System.String, System.Private.CoreLib, Version=6.0.0.0, Culture=neutral, PublicKeyToken=7cec85d7bea7798e]]"'. (605b4265)
2023-04-20T08:10:36.7182451+14:00 0HMQ105EBPOCR:00000001 [INF] Executed action "WorkerServiceApi.Controllers.CpuController.ObtenerUbicacion (WorkerServiceApi)" in 340.9501ms (afa2e885)
2023-04-20T08:10:36.7184786+14:00 0HMQ105EBPOCR:00000001 [INF] Executed endpoint '"WorkerServiceApi.Controllers.CpuController.ObtenerUbicacion (WorkerServiceApi)"' (99874f2b)
2023-04-20T08:10:36.7186829+14:00 0HMQ105EBPOCR:00000001 [INF] Request finished HTTP/2 POST https://localhost:7245/api/Cpu - 0 - 200 - application/json;+charset=utf-8 370.7566ms (791a596a)
2023-04-20T08:11:21.3285321+14:00  [INF] Now listening on: "https://localhost:7245" (d826f4b8)
2023-04-20T08:11:21.3350370+14:00  [INF] Now listening on: "http://localhost:5135" (d826f4b8)
2023-04-20T08:11:21.3595016+14:00  [INF] Application started. Press Ctrl+C to shut down. (dcaefe54)
2023-04-20T08:11:21.3615525+14:00  [INF] Hosting environment: "Development" (bc5a1a4e)
2023-04-20T08:11:21.3629234+14:00  [INF] Content root path: "D:\Visual\ApiService\WorkerServiceApi\" (cc26f24e)
2023-04-20T08:11:21.3640149+14:00  [INF] El servicio de la Api se inici贸myurlguestguest (33dbe9e8)
2023-04-20T08:11:22.1017606+14:00 0HMQ105TDBUA7:00000001 [INF] Request starting HTTP/2 GET https://localhost:7245/swagger/index.html - - (ca22a1cb)
2023-04-20T08:11:22.1017594+14:00 0HMQ105TDBUA7:00000003 [INF] Request starting HTTP/2 GET https://localhost:7245/_framework/aspnetcore-browser-refresh.js - - (ca22a1cb)
2023-04-20T08:11:22.1119389+14:00 0HMQ105TDBUA7:00000005 [INF] Request starting HTTP/2 GET https://localhost:7245/_vs/browserLink - - (ca22a1cb)
2023-04-20T08:11:22.1252017+14:00 0HMQ105TDBUA7:00000003 [INF] Request finished HTTP/2 GET https://localhost:7245/_framework/aspnetcore-browser-refresh.js - - - 200 12002 application/javascript;+charset=utf-8 26.5910ms (791a596a)
2023-04-20T08:11:22.2084809+14:00 0HMQ105TDBUA7:00000005 [INF] Request finished HTTP/2 GET https://localhost:7245/_vs/browserLink - - - 200 - text/javascript;+charset=UTF-8 96.5204ms (791a596a)
2023-04-20T08:11:22.2578816+14:00 0HMQ105TDBUA7:00000007 [INF] Request starting HTTP/2 GET https://localhost:7245/swagger/v1/swagger.json - - (ca22a1cb)
2023-04-20T08:11:22.3349474+14:00 0HMQ105TDBUA7:00000007 [INF] Request finished HTTP/2 GET https://localhost:7245/swagger/v1/swagger.json - - - 200 - application/json;charset=utf-8 77.0341ms (791a596a)
2023-04-20T08:11:23.4020537+14:00 0HMQ105TDBUA7:00000001 [INF] Request finished HTTP/2 GET https://localhost:7245/swagger/index.html - - - 200 - text/html;charset=utf-8 1304.2426ms (791a596a)
2023-04-20T08:11:23.4179132+14:00 0HMQ105TDBUA7:00000009 [INF] Request starting HTTP/2 GET https://localhost:7245/_framework/aspnetcore-browser-refresh.js - - (ca22a1cb)
2023-04-20T08:11:23.4181997+14:00 0HMQ105TDBUA7:00000009 [INF] Request finished HTTP/2 GET https://localhost:7245/_framework/aspnetcore-browser-refresh.js - - - 200 12002 application/javascript;+charset=utf-8 0.3653ms (791a596a)
2023-04-20T08:11:23.4595477+14:00 0HMQ105TDBUA7:0000000B [INF] Request starting HTTP/2 GET https://localhost:7245/_vs/browserLink - - (ca22a1cb)
2023-04-20T08:11:23.4865974+14:00 0HMQ105TDBUA7:0000000B [INF] Request finished HTTP/2 GET https://localhost:7245/_vs/browserLink - - - 200 - text/javascript;+charset=UTF-8 26.8763ms (791a596a)
2023-04-20T08:11:23.5573904+14:00 0HMQ105TDBUA7:0000000D [INF] Request starting HTTP/2 GET https://localhost:7245/swagger/v1/swagger.json - - (ca22a1cb)
2023-04-20T08:11:23.5599467+14:00 0HMQ105TDBUA7:0000000D [INF] Request finished HTTP/2 GET https://localhost:7245/swagger/v1/swagger.json - - - 200 - application/json;charset=utf-8 2.6041ms (791a596a)
2023-04-20T08:11:24.9689308+14:00 0HMQ105TDBUA7:0000000F [INF] Request starting HTTP/2 GET https://localhost:7245/_framework/aspnetcore-browser-refresh.js - - (ca22a1cb)
2023-04-20T08:11:24.9690909+14:00 0HMQ105TDBUA7:0000000F [INF] Request finished HTTP/2 GET https://localhost:7245/_framework/aspnetcore-browser-refresh.js - - - 200 12002 application/javascript;+charset=utf-8 0.3025ms (791a596a)
2023-04-20T08:11:24.9897410+14:00 0HMQ105TDBUA7:00000011 [INF] Request starting HTTP/2 GET https://localhost:7245/_framework/aspnetcore-browser-refresh.js - - (ca22a1cb)
2023-04-20T08:11:24.9898899+14:00 0HMQ105TDBUA7:00000011 [INF] Request finished HTTP/2 GET https://localhost:7245/_framework/aspnetcore-browser-refresh.js - - - 200 12002 application/javascript;+charset=utf-8 0.3402ms (791a596a)
2023-04-20T08:11:24.9990808+14:00 0HMQ105TDBUA7:00000013 [INF] Request starting HTTP/2 GET https://localhost:7245/_framework/aspnetcore-browser-refresh.js - - (ca22a1cb)
2023-04-20T08:11:24.9992696+14:00 0HMQ105TDBUA7:00000013 [INF] Request finished HTTP/2 GET https://localhost:7245/_framework/aspnetcore-browser-refresh.js - - - 200 12002 application/javascript;+charset=utf-8 0.2770ms (791a596a)
2023-04-20T08:11:25.0215785+14:00 0HMQ105TDBUA7:00000015 [INF] Request starting HTTP/2 GET https://localhost:7245/_vs/browserLink - - (ca22a1cb)
2023-04-20T08:11:25.0506528+14:00 0HMQ105TDBUA7:00000017 [INF] Request starting HTTP/2 GET https://localhost:7245/_vs/browserLink - - (ca22a1cb)
2023-04-20T08:11:25.3940429+14:00 0HMQ105TDBUA7:00000015 [INF] Request finished HTTP/2 GET https://localhost:7245/_vs/browserLink - - - 200 - text/javascript;+charset=UTF-8 372.4703ms (791a596a)
2023-04-20T08:11:25.3964851+14:00 0HMQ105TDBUA7:00000019 [INF] Request starting HTTP/2 GET https://localhost:7245/_vs/browserLink - - (ca22a1cb)
2023-04-20T08:11:25.3981431+14:00 0HMQ105TDBUA7:00000017 [INF] Request finished HTTP/2 GET https://localhost:7245/_vs/browserLink - - - 200 - text/javascript;+charset=UTF-8 347.5039ms (791a596a)
2023-04-20T08:11:25.4016046+14:00 0HMQ105TDBUA7:00000019 [INF] Request finished HTTP/2 GET https://localhost:7245/_vs/browserLink - - - 200 - text/javascript;+charset=UTF-8 5.0976ms (791a596a)
2023-04-20T08:11:25.4351051+14:00 0HMQ105TDBUA7:0000001B [INF] Request starting HTTP/2 GET https://localhost:7245/swagger/v1/swagger.json - - (ca22a1cb)
2023-04-20T08:11:25.4357950+14:00 0HMQ105TDBUA7:0000001B [INF] Request finished HTTP/2 GET https://localhost:7245/swagger/v1/swagger.json - - - 200 - application/json;charset=utf-8 0.8086ms (791a596a)
2023-04-20T08:11:25.4400706+14:00 0HMQ105TDBUA7:0000001D [INF] Request starting HTTP/2 GET https://localhost:7245/swagger/v1/swagger.json - - (ca22a1cb)
2023-04-20T08:11:25.4407687+14:00 0HMQ105TDBUA7:0000001D [INF] Request finished HTTP/2 GET https://localhost:7245/swagger/v1/swagger.json - - - 200 - application/json;charset=utf-8 0.8312ms (791a596a)
2023-04-20T08:11:25.4416772+14:00 0HMQ105TDBUA7:0000001F [INF] Request starting HTTP/2 GET https://localhost:7245/swagger/v1/swagger.json - - (ca22a1cb)
2023-04-20T08:11:25.4420449+14:00 0HMQ105TDBUA7:0000001F [INF] Request finished HTTP/2 GET https://localhost:7245/swagger/v1/swagger.json - - - 200 - application/json;charset=utf-8 0.3654ms (791a596a)
2023-04-20T08:11:25.8707344+14:00 0HMQ105TDBUA7:00000021 [INF] Request starting HTTP/2 GET https://localhost:7245/_framework/aspnetcore-browser-refresh.js - - (ca22a1cb)
2023-04-20T08:11:25.8708688+14:00 0HMQ105TDBUA7:00000021 [INF] Request finished HTTP/2 GET https://localhost:7245/_framework/aspnetcore-browser-refresh.js - - - 200 12002 application/javascript;+charset=utf-8 0.2855ms (791a596a)
2023-04-20T08:11:25.9193370+14:00 0HMQ105TDBUA7:00000023 [INF] Request starting HTTP/2 GET https://localhost:7245/_vs/browserLink - - (ca22a1cb)
2023-04-20T08:11:25.9235661+14:00 0HMQ105TDBUA7:00000023 [INF] Request finished HTTP/2 GET https://localhost:7245/_vs/browserLink - - - 200 - text/javascript;+charset=UTF-8 4.2398ms (791a596a)
2023-04-20T08:11:25.9834130+14:00 0HMQ105TDBUA7:00000025 [INF] Request starting HTTP/2 GET https://localhost:7245/swagger/v1/swagger.json - - (ca22a1cb)
2023-04-20T08:11:25.9838699+14:00 0HMQ105TDBUA7:00000025 [INF] Request finished HTTP/2 GET https://localhost:7245/swagger/v1/swagger.json - - - 200 - application/json;charset=utf-8 0.6309ms (791a596a)
2023-04-20T08:11:26.2388493+14:00 0HMQ105TDBUA7:00000027 [INF] Request starting HTTP/2 POST https://localhost:7245/api/Cpu - 0 (ca22a1cb)
2023-04-20T08:11:26.2434241+14:00 0HMQ105TDBUA7:00000027 [INF] Executing endpoint '"WorkerServiceApi.Controllers.CpuController.ObtenerUbicacion (WorkerServiceApi)"' (500cc934)
2023-04-20T08:11:26.2670202+14:00 0HMQ105TDBUA7:00000027 [INF] Route matched with "{action = \"ObtenerUbicacion\", controller = \"Cpu\"}". Executing controller action with signature "System.Threading.Tasks.Task`1[System.Object] ObtenerUbicacion()" on controller "WorkerServiceApi.Controllers.CpuController" ("WorkerServiceApi"). (122b2fdf)
2023-04-20T08:11:26.6047386+14:00 0HMQ105TDBUA7:0000002B [INF] Request starting HTTP/2 GET https://localhost:7245/_vs/browserLink - - (ca22a1cb)
2023-04-20T08:11:26.6047787+14:00 0HMQ105TDBUA7:00000029 [INF] Request starting HTTP/2 GET https://localhost:7245/_framework/aspnetcore-browser-refresh.js - - (ca22a1cb)
2023-04-20T08:11:26.7600191+14:00 0HMQ105TDBUA7:00000029 [INF] Request finished HTTP/2 GET https://localhost:7245/_framework/aspnetcore-browser-refresh.js - - - 200 12002 application/javascript;+charset=utf-8 155.1476ms (791a596a)
2023-04-20T08:11:27.8982916+14:00 0HMQ105TDBUA7:0000002B [INF] Request finished HTTP/2 GET https://localhost:7245/_vs/browserLink - - - 200 - text/javascript;+charset=UTF-8 1293.3684ms (791a596a)
2023-04-20T08:11:27.9117703+14:00 0HMQ105TDBUA7:00000027 [INF] Executing action method "WorkerServiceApi.Controllers.CpuController.ObtenerUbicacion (WorkerServiceApi)" - Validation state: Valid (dad538d7)
2023-04-20T08:11:27.9209125+14:00 0HMQ105TDBUA7:00000027 [INF] Executed action method "WorkerServiceApi.Controllers.CpuController.ObtenerUbicacion (WorkerServiceApi)", returned result "Microsoft.AspNetCore.Mvc.ObjectResult" in 4.7928ms. (50a9e262)
2023-04-20T08:11:27.9280115+14:00 0HMQ105TDBUA7:00000027 [INF] Executing "ObjectResult", writing value of type '"<>f__AnonymousType0`2[[System.String, System.Private.CoreLib, Version=6.0.0.0, Culture=neutral, PublicKeyToken=7cec85d7bea7798e],[System.String, System.Private.CoreLib, Version=6.0.0.0, Culture=neutral, PublicKeyToken=7cec85d7bea7798e]]"'. (605b4265)
2023-04-20T08:11:27.9426259+14:00 0HMQ105TDBUA7:0000002D [INF] Request starting HTTP/2 GET https://localhost:7245/swagger/v1/swagger.json - - (ca22a1cb)
2023-04-20T08:11:27.9431608+14:00 0HMQ105TDBUA7:0000002D [INF] Request finished HTTP/2 GET https://localhost:7245/swagger/v1/swagger.json - - - 200 - application/json;charset=utf-8 0.6882ms (791a596a)
2023-04-20T08:11:27.9518319+14:00 0HMQ105TDBUA7:00000027 [INF] Executed action "WorkerServiceApi.Controllers.CpuController.ObtenerUbicacion (WorkerServiceApi)" in 1680.8717ms (afa2e885)
2023-04-20T08:11:27.9521070+14:00 0HMQ105TDBUA7:00000027 [INF] Executed endpoint '"WorkerServiceApi.Controllers.CpuController.ObtenerUbicacion (WorkerServiceApi)"' (99874f2b)
2023-04-20T08:11:27.9524011+14:00 0HMQ105TDBUA7:00000027 [INF] Request finished HTTP/2 POST https://localhost:7245/api/Cpu - 0 - 200 - application/json;+charset=utf-8 1713.5803ms (791a596a)
2023-04-20T08:13:05.7193130+14:00  [INF] Now listening on: "https://localhost:7245" (d826f4b8)
2023-04-20T08:13:05.7238505+14:00  [INF] Now listening on: "http://localhost:5135" (d826f4b8)
2023-04-20T08:13:05.7486580+14:00  [INF] Application started. Press Ctrl+C to shut down. (dcaefe54)
2023-04-20T08:13:05.7567830+14:00  [INF] Hosting environment: "Development" (bc5a1a4e)
2023-04-20T08:13:05.7582075+14:00  [INF] Content root path: "D:\Visual\ApiService\WorkerServiceApi\" (cc26f24e)
2023-04-20T08:13:05.7594360+14:00  [INF] El servicio de la Api se inici贸myurlguestguest (33dbe9e8)
2023-04-20T08:13:08.5977538+14:00 0HMQ106SG1GTT:00000003 [INF] Request starting HTTP/2 GET https://localhost:7245/_framework/aspnetcore-browser-refresh.js - - (ca22a1cb)
2023-04-20T08:13:08.5977553+14:00 0HMQ106SG1GTT:00000001 [INF] Request starting HTTP/2 GET https://localhost:7245/swagger/index.html - - (ca22a1cb)
2023-04-20T08:13:08.5977546+14:00 0HMQ106SG1GTT:00000005 [INF] Request starting HTTP/2 GET https://localhost:7245/_vs/browserLink - - (ca22a1cb)
2023-04-20T08:13:08.6158164+14:00 0HMQ106SG1GTT:00000003 [INF] Request finished HTTP/2 GET https://localhost:7245/_framework/aspnetcore-browser-refresh.js - - - 200 12002 application/javascript;+charset=utf-8 20.6816ms (791a596a)
2023-04-20T08:13:08.8789421+14:00 0HMQ106SG1GTT:00000005 [INF] Request finished HTTP/2 GET https://localhost:7245/_vs/browserLink - - - 200 - text/javascript;+charset=UTF-8 284.5998ms (791a596a)
2023-04-20T08:13:08.9194131+14:00 0HMQ106SG1GTT:00000007 [INF] Request starting HTTP/2 GET https://localhost:7245/swagger/v1/swagger.json - - (ca22a1cb)
2023-04-20T08:13:08.9885699+14:00 0HMQ106SG1GTT:00000007 [INF] Request finished HTTP/2 GET https://localhost:7245/swagger/v1/swagger.json - - - 200 - application/json;charset=utf-8 69.1427ms (791a596a)
2023-04-20T08:13:09.0699411+14:00 0HMQ106SG1GTT:00000001 [INF] Request finished HTTP/2 GET https://localhost:7245/swagger/index.html - - - 200 - text/html;charset=utf-8 475.6024ms (791a596a)
2023-04-20T08:13:09.0763000+14:00 0HMQ106SG1GTT:00000009 [INF] Request starting HTTP/2 GET https://localhost:7245/_framework/aspnetcore-browser-refresh.js - - (ca22a1cb)
2023-04-20T08:13:09.0764928+14:00 0HMQ106SG1GTT:00000009 [INF] Request finished HTTP/2 GET https://localhost:7245/_framework/aspnetcore-browser-refresh.js - - - 200 12002 application/javascript;+charset=utf-8 0.2353ms (791a596a)
2023-04-20T08:13:10.1184334+14:00 0HMQ106SG1GTT:0000000B [INF] Request starting HTTP/2 GET https://localhost:7245/_vs/browserLink - - (ca22a1cb)
2023-04-20T08:13:10.1547516+14:00 0HMQ106SG1GTT:0000000B [INF] Request finished HTTP/2 GET https://localhost:7245/_vs/browserLink - - - 200 - text/javascript;+charset=UTF-8 36.3212ms (791a596a)
2023-04-20T08:13:10.1862149+14:00 0HMQ106SG1GTT:0000000D [INF] Request starting HTTP/2 GET https://localhost:7245/swagger/v1/swagger.json - - (ca22a1cb)
2023-04-20T08:13:10.1872218+14:00 0HMQ106SG1GTT:0000000D [INF] Request finished HTTP/2 GET https://localhost:7245/swagger/v1/swagger.json - - - 200 - application/json;charset=utf-8 1.0962ms (791a596a)
2023-04-20T08:13:10.4032279+14:00 0HMQ106SG1GTT:0000000F [INF] Request starting HTTP/2 GET https://localhost:7245/_framework/aspnetcore-browser-refresh.js - - (ca22a1cb)
2023-04-20T08:13:10.4034733+14:00 0HMQ106SG1GTT:0000000F [INF] Request finished HTTP/2 GET https://localhost:7245/_framework/aspnetcore-browser-refresh.js - - - 200 12002 application/javascript;+charset=utf-8 0.5572ms (791a596a)
2023-04-20T08:13:10.4065215+14:00 0HMQ106SG1GTT:00000011 [INF] Request starting HTTP/2 GET https://localhost:7245/_framework/aspnetcore-browser-refresh.js - - (ca22a1cb)
2023-04-20T08:13:10.4066652+14:00 0HMQ106SG1GTT:00000011 [INF] Request finished HTTP/2 GET https://localhost:7245/_framework/aspnetcore-browser-refresh.js - - - 200 12002 application/javascript;+charset=utf-8 0.2629ms (791a596a)
2023-04-20T08:13:10.4127109+14:00 0HMQ106SG1GTT:00000013 [INF] Request starting HTTP/2 GET https://localhost:7245/_framework/aspnetcore-browser-refresh.js - - (ca22a1cb)
2023-04-20T08:13:10.4128358+14:00 0HMQ106SG1GTT:00000013 [INF] Request finished HTTP/2 GET https://localhost:7245/_framework/aspnetcore-browser-refresh.js - - - 200 12002 application/javascript;+charset=utf-8 0.2528ms (791a596a)
2023-04-20T08:13:10.4554219+14:00 0HMQ106SG1GTT:00000015 [INF] Request starting HTTP/2 GET https://localhost:7245/_vs/browserLink - - (ca22a1cb)
2023-04-20T08:13:10.4602354+14:00 0HMQ106SG1GTT:00000015 [INF] Request finished HTTP/2 GET https://localhost:7245/_vs/browserLink - - - 200 - text/javascript;+charset=UTF-8 4.8588ms (791a596a)
2023-04-20T08:13:10.4640717+14:00 0HMQ106SG1GTT:00000017 [INF] Request starting HTTP/2 GET https://localhost:7245/_vs/browserLink - - (ca22a1cb)
2023-04-20T08:13:10.4691362+14:00 0HMQ106SG1GTT:00000017 [INF] Request finished HTTP/2 GET https://localhost:7245/_vs/browserLink - - - 200 - text/javascript;+charset=UTF-8 5.1553ms (791a596a)
2023-04-20T08:13:10.4717643+14:00 0HMQ106SG1GTT:00000019 [INF] Request starting HTTP/2 GET https://localhost:7245/_vs/browserLink - - (ca22a1cb)
2023-04-20T08:13:10.4808772+14:00 0HMQ106SG1GTT:00000019 [INF] Request finished HTTP/2 GET https://localhost:7245/_vs/browserLink - - - 200 - text/javascript;+charset=UTF-8 9.1583ms (791a596a)
2023-04-20T08:13:10.5322374+14:00 0HMQ106SG1GTT:0000001B [INF] Request starting HTTP/2 GET https://localhost:7245/swagger/v1/swagger.json - - (ca22a1cb)
2023-04-20T08:13:10.5328014+14:00 0HMQ106SG1GTT:0000001B [INF] Request finished HTTP/2 GET https://localhost:7245/swagger/v1/swagger.json - - - 200 - application/json;charset=utf-8 0.8176ms (791a596a)
2023-04-20T08:13:10.5358482+14:00 0HMQ106SG1GTT:0000001D [INF] Request starting HTTP/2 GET https://localhost:7245/swagger/v1/swagger.json - - (ca22a1cb)
2023-04-20T08:13:10.5363671+14:00 0HMQ106SG1GTT:0000001D [INF] Request finished HTTP/2 GET https://localhost:7245/swagger/v1/swagger.json - - - 200 - application/json;charset=utf-8 0.6493ms (791a596a)
2023-04-20T08:13:10.5456470+14:00 0HMQ106SG1GTT:0000001F [INF] Request starting HTTP/2 GET https://localhost:7245/swagger/v1/swagger.json - - (ca22a1cb)
2023-04-20T08:13:10.5463117+14:00 0HMQ106SG1GTT:0000001F [INF] Request finished HTTP/2 GET https://localhost:7245/swagger/v1/swagger.json - - - 200 - application/json;charset=utf-8 0.8033ms (791a596a)
2023-04-20T08:13:11.2715553+14:00 0HMQ106SG1GTT:00000021 [INF] Request starting HTTP/2 GET https://localhost:7245/_framework/aspnetcore-browser-refresh.js - - (ca22a1cb)
2023-04-20T08:13:11.2717063+14:00 0HMQ106SG1GTT:00000021 [INF] Request finished HTTP/2 GET https://localhost:7245/_framework/aspnetcore-browser-refresh.js - - - 200 12002 application/javascript;+charset=utf-8 0.2728ms (791a596a)
2023-04-20T08:13:11.3175875+14:00 0HMQ106SG1GTT:00000023 [INF] Request starting HTTP/2 GET https://localhost:7245/_vs/browserLink - - (ca22a1cb)
2023-04-20T08:13:11.3218893+14:00 0HMQ106SG1GTT:00000023 [INF] Request finished HTTP/2 GET https://localhost:7245/_vs/browserLink - - - 200 - text/javascript;+charset=UTF-8 4.5081ms (791a596a)
2023-04-20T08:13:11.3881213+14:00 0HMQ106SG1GTT:00000025 [INF] Request starting HTTP/2 GET https://localhost:7245/swagger/v1/swagger.json - - (ca22a1cb)
2023-04-20T08:13:11.3886832+14:00 0HMQ106SG1GTT:00000025 [INF] Request finished HTTP/2 GET https://localhost:7245/swagger/v1/swagger.json - - - 200 - application/json;charset=utf-8 0.6801ms (791a596a)
2023-04-20T08:13:12.1581585+14:00 0HMQ106SG1GTU:00000001 [INF] Request starting HTTP/2 POST https://localhost:7245/api/Cpu - 0 (ca22a1cb)
2023-04-20T08:13:12.1634730+14:00 0HMQ106SG1GTU:00000001 [INF] Executing endpoint '"WorkerServiceApi.Controllers.CpuController.ObtenerUbicacion (WorkerServiceApi)"' (500cc934)
2023-04-20T08:13:12.1830046+14:00 0HMQ106SG1GTU:00000001 [INF] Route matched with "{action = \"ObtenerUbicacion\", controller = \"Cpu\"}". Executing controller action with signature "System.Threading.Tasks.Task`1[System.Object] ObtenerUbicacion()" on controller "WorkerServiceApi.Controllers.CpuController" ("WorkerServiceApi"). (122b2fdf)
2023-04-20T08:13:12.2205264+14:00 0HMQ106SG1GTU:00000001 [INF] Executing action method "WorkerServiceApi.Controllers.CpuController.ObtenerUbicacion (WorkerServiceApi)" - Validation state: Valid (dad538d7)
2023-04-20T08:13:12.2271727+14:00 0HMQ106SG1GTU:00000001 [INF] Executed action method "WorkerServiceApi.Controllers.CpuController.ObtenerUbicacion (WorkerServiceApi)", returned result "Microsoft.AspNetCore.Mvc.ObjectResult" in 2.0631ms. (50a9e262)
2023-04-20T08:13:12.2345635+14:00 0HMQ106SG1GTU:00000001 [INF] Executing "ObjectResult", writing value of type '"<>f__AnonymousType0`2[[System.String, System.Private.CoreLib, Version=6.0.0.0, Culture=neutral, PublicKeyToken=7cec85d7bea7798e],[System.String, System.Private.CoreLib, Version=6.0.0.0, Culture=neutral, PublicKeyToken=7cec85d7bea7798e]]"'. (605b4265)
2023-04-20T08:13:12.2536933+14:00 0HMQ106SG1GTU:00000001 [INF] Executed action "WorkerServiceApi.Controllers.CpuController.ObtenerUbicacion (WorkerServiceApi)" in 66.5614ms (afa2e885)
2023-04-20T08:13:12.2538604+14:00 0HMQ106SG1GTU:00000001 [INF] Executed endpoint '"WorkerServiceApi.Controllers.CpuController.ObtenerUbicacion (WorkerServiceApi)"' (99874f2b)
2023-04-20T08:13:12.2539946+14:00 0HMQ106SG1GTU:00000001 [INF] Request finished HTTP/2 POST https://localhost:7245/api/Cpu - 0 - 200 - application/json;+charset=utf-8 96.0115ms (791a596a)
2023-04-20T08:14:04.3117768+14:00 0HMQ106SG1GTV:00000001 [INF] Request starting HTTP/2 GET https://localhost:7245/_framework/aspnetcore-browser-refresh.js - - (ca22a1cb)
2023-04-20T08:14:04.3119733+14:00 0HMQ106SG1GTV:00000001 [INF] Request finished HTTP/2 GET https://localhost:7245/_framework/aspnetcore-browser-refresh.js - - - 200 12002 application/javascript;+charset=utf-8 0.2452ms (791a596a)
2023-04-20T08:14:04.3378610+14:00 0HMQ106SG1GTV:00000003 [INF] Request starting HTTP/2 GET https://localhost:7245/_vs/browserLink - - (ca22a1cb)
2023-04-20T08:14:04.3424468+14:00 0HMQ106SG1GTV:00000003 [INF] Request finished HTTP/2 GET https://localhost:7245/_vs/browserLink - - - 200 - text/javascript;+charset=UTF-8 4.5723ms (791a596a)
2023-04-20T08:14:04.4136614+14:00 0HMQ106SG1GTV:00000005 [INF] Request starting HTTP/2 GET https://localhost:7245/swagger/v1/swagger.json - - (ca22a1cb)
2023-04-20T08:14:04.4148144+14:00 0HMQ106SG1GTV:00000005 [INF] Request finished HTTP/2 GET https://localhost:7245/swagger/v1/swagger.json - - - 200 - application/json;charset=utf-8 1.1809ms (791a596a)
