2023-04-24T09:11:34.3835929-05:00  [INF] Now listening on: "https://localhost:7245" (d826f4b8)
2023-04-24T09:11:34.3882853-05:00  [INF] Now listening on: "http://localhost:5135" (d826f4b8)
2023-04-24T09:11:34.3955257-05:00  [INF] Application started. Press Ctrl+C to shut down. (dcaefe54)
2023-04-24T09:11:34.4017640-05:00  [INF] Hosting environment: "Development" (bc5a1a4e)
2023-04-24T09:11:34.4029999-05:00  [INF] Content root path: "D:\Visual\ApiService\WorkerServiceApi\" (cc26f24e)
2023-04-24T09:11:34.4043881-05:00  [INF] El servicio de la Api se iniciómyurlguestguest (33dbe9e8)
2023-04-24T09:11:35.0976348-05:00 0HMQ4PN7Q7EEA:00000001 [INF] Request starting HTTP/2 GET https://localhost:7245/swagger/index.html - - (ca22a1cb)
2023-04-24T09:11:35.5741250-05:00 0HMQ4PN7Q7EEA:00000001 [INF] Request finished HTTP/2 GET https://localhost:7245/swagger/index.html - - - 200 - text/html;charset=utf-8 479.2135ms (791a596a)
2023-04-24T09:11:35.5987298-05:00 0HMQ4PN7Q7EEA:00000003 [INF] Request starting HTTP/2 GET https://localhost:7245/_framework/aspnetcore-browser-refresh.js - - (ca22a1cb)
2023-04-24T09:11:35.6026029-05:00 0HMQ4PN7Q7EEA:00000003 [INF] Request finished HTTP/2 GET https://localhost:7245/_framework/aspnetcore-browser-refresh.js - - - 200 12002 application/javascript;+charset=utf-8 3.8288ms (791a596a)
2023-04-24T09:11:35.6210811-05:00 0HMQ4PN7Q7EEA:00000005 [INF] Request starting HTTP/2 GET https://localhost:7245/_vs/browserLink - - (ca22a1cb)
2023-04-24T09:11:35.7623246-05:00 0HMQ4PN7Q7EEA:00000005 [INF] Request finished HTTP/2 GET https://localhost:7245/_vs/browserLink - - - 200 - text/javascript;+charset=UTF-8 141.2263ms (791a596a)
2023-04-24T09:11:35.8083404-05:00 0HMQ4PN7Q7EEA:00000007 [INF] Request starting HTTP/2 GET https://localhost:7245/swagger/v1/swagger.json - - (ca22a1cb)
2023-04-24T09:11:35.8880054-05:00 0HMQ4PN7Q7EEA:00000007 [INF] Request finished HTTP/2 GET https://localhost:7245/swagger/v1/swagger.json - - - 200 - application/json;charset=utf-8 79.6711ms (791a596a)
2023-04-24T09:13:16.3495611-05:00  [INF] Now listening on: "https://localhost:7245" (d826f4b8)
2023-04-24T09:13:16.3541320-05:00  [INF] Now listening on: "http://localhost:5135" (d826f4b8)
2023-04-24T09:13:16.3652618-05:00  [INF] Application started. Press Ctrl+C to shut down. (dcaefe54)
2023-04-24T09:13:16.3683568-05:00  [INF] Hosting environment: "Development" (bc5a1a4e)
2023-04-24T09:13:16.3720144-05:00  [INF] Content root path: "D:\Visual\ApiService\WorkerServiceApi\" (cc26f24e)
2023-04-24T09:13:16.3773118-05:00  [INF] El servicio de la Api se iniciómyurlguestguest (33dbe9e8)
2023-04-24T09:13:16.9388210-05:00 0HMQ4PO66GLU4:00000001 [INF] Request starting HTTP/2 GET https://localhost:7245/swagger/index.html - - (ca22a1cb)
2023-04-24T09:13:17.3117478-05:00 0HMQ4PO66GLU4:00000001 [INF] Request finished HTTP/2 GET https://localhost:7245/swagger/index.html - - - 200 - text/html;charset=utf-8 377.1247ms (791a596a)
2023-04-24T09:13:17.3276718-05:00 0HMQ4PO66GLU4:00000003 [INF] Request starting HTTP/2 GET https://localhost:7245/_framework/aspnetcore-browser-refresh.js - - (ca22a1cb)
2023-04-24T09:13:17.3311031-05:00 0HMQ4PO66GLU4:00000003 [INF] Request finished HTTP/2 GET https://localhost:7245/_framework/aspnetcore-browser-refresh.js - - - 200 12002 application/javascript;+charset=utf-8 3.4381ms (791a596a)
2023-04-24T09:13:17.3519877-05:00 0HMQ4PO66GLU4:00000005 [INF] Request starting HTTP/2 GET https://localhost:7245/_vs/browserLink - - (ca22a1cb)
2023-04-24T09:13:17.3858105-05:00 0HMQ4PO66GLU4:00000005 [INF] Request finished HTTP/2 GET https://localhost:7245/_vs/browserLink - - - 200 - text/javascript;+charset=UTF-8 33.7160ms (791a596a)
2023-04-24T09:13:17.4839747-05:00 0HMQ4PO66GLU4:00000007 [INF] Request starting HTTP/2 GET https://localhost:7245/swagger/v1/swagger.json - - (ca22a1cb)
2023-04-24T09:13:17.5954977-05:00 0HMQ4PO66GLU4:00000007 [INF] Request finished HTTP/2 GET https://localhost:7245/swagger/v1/swagger.json - - - 200 - application/json;charset=utf-8 111.5906ms (791a596a)
